Build started 06/11/2014 20:27:54.
     1>Project "C:\Users\Rodrigo\Google Drive\7º semestre\IA\Genetics\main.vcxproj" on node 2 (Build target(s)).
     1>C:\Program Files (x86)\MSBuild\Microsoft.Cpp\v4.0\V120\Microsoft.CppBuild.targets(381,5): warning MSB8028: The intermediate directory (Debug\) contains files shared from another project (main.vcxproj).  This can lead to incorrect clean and rebuild behavior.
     1>ClCompile:
         C:\Program Files (x86)\Microsoft Visual Studio 12.0\VC\bin\CL.exe /c /ZI /nologo /W3 /WX- /sdl /Od /Oy- /D WIN32 /D _DEBUG /D _CONSOLE /D _LIB /D _UNICODE /D UNICODE /Gm /EHsc /RTC1 /MDd /GS /fp:precise /Zc:wchar_t /Zc:forScope /Yu"stdafx.h" /Fp"Debug\AlgortimoGenetico.pch" /Fo"Debug\\" /Fd"Debug\vc120.pdb" /Gd /TP /analyze- /errorReport:prompt main.cpp
         main.cpp
     1>c:\users\rodrigo\google drive\7º semestre\ia\genetics\main.cpp(26): warning C4018: '<' : signed/unsigned mismatch
     1>c:\users\rodrigo\google drive\7º semestre\ia\genetics\main.cpp(29): warning C4018: '<' : signed/unsigned mismatch
     1>c:\users\rodrigo\google drive\7º semestre\ia\genetics\main.cpp(38): warning C4018: '<' : signed/unsigned mismatch
     1>c:\users\rodrigo\google drive\7º semestre\ia\genetics\main.cpp(50): warning C4018: '<' : signed/unsigned mismatch
     1>c:\users\rodrigo\google drive\7º semestre\ia\genetics\main.cpp(54): warning C4244: '/=' : conversion from 'double' to 'int', possible loss of data
     1>c:\users\rodrigo\google drive\7º semestre\ia\genetics\main.cpp(55): warning C4244: 'argument' : conversion from 'int' to 'const float', possible loss of data
     1>c:\users\rodrigo\google drive\7º semestre\ia\genetics\main.cpp(63): warning C4018: '<' : signed/unsigned mismatch
     1>c:\users\rodrigo\google drive\7º semestre\ia\genetics\main.cpp(67): warning C4018: '<' : signed/unsigned mismatch
     1>c:\users\rodrigo\google drive\7º semestre\ia\genetics\main.cpp(103): warning C4305: 'initializing' : truncation from 'double' to 'float'
     1>c:\users\rodrigo\google drive\7º semestre\ia\genetics\main.cpp(138): warning C4244: '=' : conversion from 'float' to 'int', possible loss of data
     1>c:\users\rodrigo\google drive\7º semestre\ia\genetics\main.cpp(150): warning C4244: 'argument' : conversion from 'time_t' to 'unsigned int', possible loss of data
     1>c:\users\rodrigo\google drive\7º semestre\ia\genetics\main.cpp(168): warning C4018: '<' : signed/unsigned mismatch
     1>c:\users\rodrigo\google drive\7º semestre\ia\genetics\main.cpp(180): warning C4018: '<' : signed/unsigned mismatch
     1>c:\users\rodrigo\google drive\7º semestre\ia\genetics\main.cpp(190): warning C4018: '<' : signed/unsigned mismatch
     1>c:\users\rodrigo\google drive\7º semestre\ia\genetics\main.cpp(198): warning C4018: '<' : signed/unsigned mismatch
     1>c:\users\rodrigo\google drive\7º semestre\ia\genetics\main.cpp(215): warning C4244: 'initializing' : conversion from 'double' to 'int', possible loss of data
     1>c:\users\rodrigo\google drive\7º semestre\ia\genetics\main.cpp(245): warning C4018: '<' : signed/unsigned mismatch
     1>c:\users\rodrigo\google drive\7º semestre\ia\genetics\main.cpp(246): warning C4018: '<' : signed/unsigned mismatch
     1>c:\users\rodrigo\google drive\7º semestre\ia\genetics\main.cpp(270): warning C4018: '<' : signed/unsigned mismatch
     1>c:\users\rodrigo\google drive\7º semestre\ia\genetics\main.cpp(271): warning C4018: '<' : signed/unsigned mismatch
     1>c:\users\rodrigo\google drive\7º semestre\ia\genetics\main.cpp(284): warning C4018: '<' : signed/unsigned mismatch
     1>c:\users\rodrigo\google drive\7º semestre\ia\genetics\main.cpp(297): warning C4018: '<' : signed/unsigned mismatch
     1>c:\users\rodrigo\google drive\7º semestre\ia\genetics\main.cpp(320): warning C4018: '<' : signed/unsigned mismatch
     1>c:\users\rodrigo\google drive\7º semestre\ia\genetics\main.cpp(323): warning C4018: '<' : signed/unsigned mismatch
     1>c:\users\rodrigo\google drive\7º semestre\ia\genetics\main.cpp(333): warning C4018: '<' : signed/unsigned mismatch
     1>c:\users\rodrigo\google drive\7º semestre\ia\genetics\main.cpp(146): warning C4101: 'op' : unreferenced local variable
       Link:
         C:\Program Files (x86)\Microsoft Visual Studio 12.0\VC\bin\link.exe /ERRORREPORT:PROMPT /OUT:"C:\Users\Rodrigo\Google Drive\7º semestre\IA\Genetics\Debug\AlgortimoGenetico.exe" /INCREMENTAL /NOLOGO kernel32.lib user32.lib gdi32.lib winspool.lib comdlg32.lib advapi32.lib shell32.lib ole32.lib oleaut32.lib uuid.lib odbc32.lib odbccp32.lib /MANIFEST /MANIFESTUAC:"level='asInvoker' uiAccess='false'" /manifest:embed /DEBUG /PDB:"C:\Users\Rodrigo\Google Drive\7º semestre\IA\Genetics\Debug\AlgortimoGenetico.pdb" /SUBSYSTEM:CONSOLE /TLBID:1 /DYNAMICBASE /NXCOMPAT /IMPLIB:"C:\Users\Rodrigo\Google Drive\7º semestre\IA\Genetics\Debug\AlgortimoGenetico.lib" /MACHINE:X86 Debug\main.obj
         Debug\stdafx.obj
         main.vcxproj -> C:\Users\Rodrigo\Google Drive\7º semestre\IA\Genetics\Debug\AlgortimoGenetico.exe
     1>Done Building Project "C:\Users\Rodrigo\Google Drive\7º semestre\IA\Genetics\main.vcxproj" (Build target(s)).

Build succeeded.

Time Elapsed 00:00:00.96
